Finish normalization...
Input shape of the X features data:  (23021, 38, 30, 9)
Input shape of the y label data:  (23021,)
Number of input channel extracted from X is:  9
--> Running configuration:  /N/slate/kmluong/Training_data/Split/model/9testmodel5
Model: "my_functional_model"
_________________________________________________________________
 Layer (type)                Output Shape              Param #   
=================================================================
 input_1 (InputLayer)        [(None, 64, 64, 9)]       0         
                                                                 
 sequential (Sequential)     (None, 64, 64, 9)         0         
                                                                 
 my_conv2d_11 (Conv2D)       (None, 64, 64, 96)        42432     
                                                                 
 my_pooling_1 (MaxPooling2D)  (None, 32, 32, 96)       0         
                                                                 
 batch_normalization (BatchN  (None, 32, 32, 96)       384       
 ormalization)                                                   
                                                                 
 my_conv2d_2 (Conv2D)        (None, 32, 32, 64)        301120    
                                                                 
 my_pooling_2 (MaxPooling2D)  (None, 16, 16, 64)       0         
                                                                 
 batch_normalization_1 (Batc  (None, 16, 16, 64)       256       
 hNormalization)                                                 
                                                                 
 my_conv2d_3 (Conv2D)        (None, 14, 14, 128)       73856     
                                                                 
 my_pooling_3 (MaxPooling2D)  (None, 7, 7, 128)        0         
                                                                 
 batch_normalization_2 (Batc  (None, 7, 7, 128)        512       
 hNormalization)                                                 
                                                                 
 my_conv2d_4 (Conv2D)        (None, 7, 7, 256)         295168    
                                                                 
 my_conv2d_5 (Conv2D)        (None, 7, 7, 256)         590080    
                                                                 
 my_flatten (Flatten)        (None, 12544)             0         
                                                                 
 dropout (Dropout)           (None, 12544)             0         
                                                                 
 dense (Dense)               (None, 32)                401440    
                                                                 
 dense_1 (Dense)             (None, 32)                1056      
                                                                 
 my_dense (Dense)            (None, 1)                 33        
                                                                 
=================================================================
Total params: 1,706,337
Trainable params: 1,705,761
Non-trainable params: 576
_________________________________________________________________

Epoch 1: LearningRateScheduler setting learning rate to 0.001.
Epoch 1/1000
WARNING:absl:Found untraced functions such as _jit_compiled_convolution_op, _jit_compiled_convolution_op, _jit_compiled_convolution_op, _jit_compiled_convolution_op, _jit_compiled_convolution_op while saving (showing 5 of 5). These functions will not be directly callable after loading.
140/140 - 31s - loss: 15.0702 - MAE: 15.5617 - root_mean_squared_error: 21.6510 - val_loss: 34.9495 - val_MAE: 35.4492 - val_root_mean_squared_error: 42.8234 - lr: 0.0010 - 31s/epoch - 219ms/step

Epoch 2: LearningRateScheduler setting learning rate to 0.0009980918745398902.
Epoch 2/1000
WARNING:absl:Found untraced functions such as _jit_compiled_convolution_op, _jit_compiled_convolution_op, _jit_compiled_convolution_op, _jit_compiled_convolution_op, _jit_compiled_convolution_op while saving (showing 5 of 5). These functions will not be directly callable after loading.
140/140 - 7s - loss: 13.3248 - MAE: 13.8156 - root_mean_squared_error: 19.2072 - val_loss: 22.0031 - val_MAE: 22.4957 - val_root_mean_squared_error: 31.3836 - lr: 9.9809e-04 - 7s/epoch - 52ms/step

Epoch 3: LearningRateScheduler setting learning rate to 0.000995149615343065.
Epoch 3/1000
WARNING:absl:Found untraced functions such as _jit_compiled_convolution_op, _jit_compiled_convolution_op, _jit_compiled_convolution_op, _jit_compiled_convolution_op, _jit_compiled_convolution_op while saving (showing 5 of 5). These functions will not be directly callable after loading.
140/140 - 7s - loss: 13.0969 - MAE: 13.5872 - root_mean_squared_error: 18.9110 - val_loss: 21.4016 - val_MAE: 21.8934 - val_root_mean_squared_error: 30.2588 - lr: 9.9515e-04 - 7s/epoch - 52ms/step

Epoch 4: LearningRateScheduler setting learning rate to 0.0009916432100995575.
Epoch 4/1000
140/140 - 3s - loss: 12.9355 - MAE: 13.4263 - root_mean_squared_error: 18.7419 - val_loss: 24.0533 - val_MAE: 24.5472 - val_root_mean_squared_error: 33.0606 - lr: 9.9164e-04 - 3s/epoch - 20ms/step

Epoch 5: LearningRateScheduler setting learning rate to 0.0009877236563969186.
Epoch 5/1000
WARNING:absl:Found untraced functions such as _jit_compiled_convolution_op, _jit_compiled_convolution_op, _jit_compiled_convolution_op, _jit_compiled_convolution_op, _jit_compiled_convolution_op while saving (showing 5 of 5). These functions will not be directly callable after loading.
140/140 - 7s - loss: 12.6878 - MAE: 13.1775 - root_mean_squared_error: 18.4234 - val_loss: 20.9785 - val_MAE: 21.4705 - val_root_mean_squared_error: 29.6873 - lr: 9.8772e-04 - 7s/epoch - 53ms/step

Epoch 6: LearningRateScheduler setting learning rate to 0.000983475980192591.
Epoch 6/1000
WARNING:absl:Found untraced functions such as _jit_compiled_convolution_op, _jit_compiled_convolution_op, _jit_compiled_convolution_op, _jit_compiled_convolution_op, _jit_compiled_convolution_op while saving (showing 5 of 5). These functions will not be directly callable after loading.
140/140 - 7s - loss: 12.5476 - MAE: 13.0368 - root_mean_squared_error: 18.2960 - val_loss: 15.8861 - val_MAE: 16.3762 - val_root_mean_squared_error: 23.4308 - lr: 9.8348e-04 - 7s/epoch - 51ms/step

Epoch 7: LearningRateScheduler setting learning rate to 0.0009789570465911742.
Epoch 7/1000
140/140 - 3s - loss: 12.2478 - MAE: 12.7377 - root_mean_squared_error: 18.0030 - val_loss: 18.5319 - val_MAE: 19.0218 - val_root_mean_squared_error: 26.6632 - lr: 9.7896e-04 - 3s/epoch - 20ms/step

Epoch 8: LearningRateScheduler setting learning rate to 0.0009742085694213532.
Epoch 8/1000
WARNING:absl:Found untraced functions such as _jit_compiled_convolution_op, _jit_compiled_convolution_op, _jit_compiled_convolution_op, _jit_compiled_convolution_op, _jit_compiled_convolution_op while saving (showing 5 of 5). These functions will not be directly callable after loading.
140/140 - 7s - loss: 12.3296 - MAE: 12.8193 - root_mean_squared_error: 18.0447 - val_loss: 15.2648 - val_MAE: 15.7544 - val_root_mean_squared_error: 22.4362 - lr: 9.7421e-04 - 7s/epoch - 53ms/step

Epoch 9: LearningRateScheduler setting learning rate to 0.00096926297802313.
Epoch 9/1000
140/140 - 3s - loss: 12.0864 - MAE: 12.5757 - root_mean_squared_error: 17.7264 - val_loss: 17.7801 - val_MAE: 18.2721 - val_root_mean_squared_error: 25.2976 - lr: 9.6926e-04 - 3s/epoch - 21ms/step

Epoch 10: LearningRateScheduler setting learning rate to 0.0009641465050692663.
Epoch 10/1000
WARNING:absl:Found untraced functions such as _jit_compiled_convolution_op, _jit_compiled_convolution_op, _jit_compiled_convolution_op, _jit_compiled_convolution_op, _jit_compiled_convolution_op while saving (showing 5 of 5). These functions will not be directly callable after loading.
140/140 - 7s - loss: 12.0613 - MAE: 12.5508 - root_mean_squared_error: 17.7053 - val_loss: 12.8700 - val_MAE: 13.3594 - val_root_mean_squared_error: 18.9808 - lr: 9.6415e-04 - 7s/epoch - 52ms/step

Epoch 11: LearningRateScheduler setting learning rate to 0.000958880987408501.
Epoch 11/1000
140/140 - 3s - loss: 11.9764 - MAE: 12.4652 - root_mean_squared_error: 17.6977 - val_loss: 14.8400 - val_MAE: 15.3288 - val_root_mean_squared_error: 22.5729 - lr: 9.5888e-04 - 3s/epoch - 20ms/step

Epoch 12: LearningRateScheduler setting learning rate to 0.0009534849969705865.
Epoch 12/1000
140/140 - 3s - loss: 11.8572 - MAE: 12.3462 - root_mean_squared_error: 17.4980 - val_loss: 18.0244 - val_MAE: 18.5141 - val_root_mean_squared_error: 26.6807 - lr: 9.5349e-04 - 3s/epoch - 19ms/step

Epoch 13: LearningRateScheduler setting learning rate to 0.0009479745920454975.
Epoch 13/1000
140/140 - 3s - loss: 11.7601 - MAE: 12.2491 - root_mean_squared_error: 17.3478 - val_loss: 18.7336 - val_MAE: 19.2236 - val_root_mean_squared_error: 26.9889 - lr: 9.4797e-04 - 3s/epoch - 19ms/step

Epoch 14: LearningRateScheduler setting learning rate to 0.0009423638390416929.
Epoch 14/1000
140/140 - 3s - loss: 11.6617 - MAE: 12.1499 - root_mean_squared_error: 17.2748 - val_loss: 13.8288 - val_MAE: 14.3182 - val_root_mean_squared_error: 20.6333 - lr: 9.4236e-04 - 3s/epoch - 19ms/step

Epoch 15: LearningRateScheduler setting learning rate to 0.0009366651881710816.
Epoch 15/1000
140/140 - 3s - loss: 11.5113 - MAE: 11.9994 - root_mean_squared_error: 17.0650 - val_loss: 23.1155 - val_MAE: 23.6092 - val_root_mean_squared_error: 32.0423 - lr: 9.3667e-04 - 3s/epoch - 19ms/step

Epoch 16: LearningRateScheduler setting learning rate to 0.0009308897522063668.
Epoch 16/1000
140/140 - 3s - loss: 11.5098 - MAE: 11.9989 - root_mean_squared_error: 17.0645 - val_loss: 16.5329 - val_MAE: 17.0229 - val_root_mean_squared_error: 24.2100 - lr: 9.3089e-04 - 3s/epoch - 19ms/step

Epoch 17: LearningRateScheduler setting learning rate to 0.0009250475186504109.
Epoch 17/1000
140/140 - 3s - loss: 11.5623 - MAE: 12.0509 - root_mean_squared_error: 17.1604 - val_loss: 14.5620 - val_MAE: 15.0520 - val_root_mean_squared_error: 21.7849 - lr: 9.2505e-04 - 3s/epoch - 19ms/step

Epoch 18: LearningRateScheduler setting learning rate to 0.0009191475147972011.
Epoch 18/1000
140/140 - 3s - loss: 11.3914 - MAE: 11.8793 - root_mean_squared_error: 16.9733 - val_loss: 16.9972 - val_MAE: 17.4873 - val_root_mean_squared_error: 24.8104 - lr: 9.1915e-04 - 3s/epoch - 19ms/step

Epoch 19: LearningRateScheduler setting learning rate to 0.0009131979386140641.
Epoch 19/1000
WARNING:absl:Found untraced functions such as _jit_compiled_convolution_op, _jit_compiled_convolution_op, _jit_compiled_convolution_op, _jit_compiled_convolution_op, _jit_compiled_convolution_op while saving (showing 5 of 5). These functions will not be directly callable after loading.
140/140 - 7s - loss: 11.2937 - MAE: 11.7823 - root_mean_squared_error: 16.8002 - val_loss: 12.6495 - val_MAE: 13.1388 - val_root_mean_squared_error: 18.9182 - lr: 9.1320e-04 - 7s/epoch - 51ms/step

Epoch 20: LearningRateScheduler setting learning rate to 0.0009072062642758034.
Epoch 20/1000
140/140 - 3s - loss: 11.1584 - MAE: 11.6466 - root_mean_squared_error: 16.6515 - val_loss: 14.7765 - val_MAE: 15.2659 - val_root_mean_squared_error: 22.0377 - lr: 9.0721e-04 - 3s/epoch - 20ms/step

Epoch 21: LearningRateScheduler setting learning rate to 0.0009011793285334094.
Epoch 21/1000
140/140 - 3s - loss: 11.1177 - MAE: 11.6061 - root_mean_squared_error: 16.5869 - val_loss: 13.2048 - val_MAE: 13.6935 - val_root_mean_squared_error: 20.1345 - lr: 9.0118e-04 - 3s/epoch - 19ms/step

Epoch 22: LearningRateScheduler setting learning rate to 0.0008951234023413093.
Epoch 22/1000
140/140 - 3s - loss: 10.9918 - MAE: 11.4795 - root_mean_squared_error: 16.4477 - val_loss: 18.0789 - val_MAE: 18.5697 - val_root_mean_squared_error: 26.0220 - lr: 8.9512e-04 - 3s/epoch - 19ms/step

Epoch 23: LearningRateScheduler setting learning rate to 0.0008890442509703352.
Epoch 23/1000
WARNING:absl:Found untraced functions such as _jit_compiled_convolution_op, _jit_compiled_convolution_op, _jit_compiled_convolution_op, _jit_compiled_convolution_op, _jit_compiled_convolution_op while saving (showing 5 of 5). These functions will not be directly callable after loading.
140/140 - 7s - loss: 10.9290 - MAE: 11.4167 - root_mean_squared_error: 16.3612 - val_loss: 11.5639 - val_MAE: 12.0525 - val_root_mean_squared_error: 16.8016 - lr: 8.8904e-04 - 7s/epoch - 52ms/step

Epoch 24: LearningRateScheduler setting learning rate to 0.0008829471850014202.
Epoch 24/1000
140/140 - 3s - loss: 10.9006 - MAE: 11.3878 - root_mean_squared_error: 16.3169 - val_loss: 14.1230 - val_MAE: 14.6112 - val_root_mean_squared_error: 21.4820 - lr: 8.8295e-04 - 3s/epoch - 20ms/step

Epoch 25: LearningRateScheduler setting learning rate to 0.0008768371040051711.
Epoch 25/1000
140/140 - 3s - loss: 10.8168 - MAE: 11.3038 - root_mean_squared_error: 16.2278 - val_loss: 11.7155 - val_MAE: 12.2058 - val_root_mean_squared_error: 17.3075 - lr: 8.7684e-04 - 3s/epoch - 19ms/step

Epoch 26: LearningRateScheduler setting learning rate to 0.0008707185342870537.
Epoch 26/1000
140/140 - 3s - loss: 10.7279 - MAE: 11.2156 - root_mean_squared_error: 16.1478 - val_loss: 12.9488 - val_MAE: 13.4375 - val_root_mean_squared_error: 19.3784 - lr: 8.7072e-04 - 3s/epoch - 19ms/step

Epoch 27: LearningRateScheduler setting learning rate to 0.0008645956617663052.
Epoch 27/1000
140/140 - 3s - loss: 10.6141 - MAE: 11.1016 - root_mean_squared_error: 15.9618 - val_loss: 13.6159 - val_MAE: 14.1041 - val_root_mean_squared_error: 20.9892 - lr: 8.6460e-04 - 3s/epoch - 19ms/step

Epoch 28: LearningRateScheduler setting learning rate to 0.0008584723608251575.
Epoch 28/1000
140/140 - 3s - loss: 10.5212 - MAE: 11.0087 - root_mean_squared_error: 15.8728 - val_loss: 19.0330 - val_MAE: 19.5254 - val_root_mean_squared_error: 26.9278 - lr: 8.5847e-04 - 3s/epoch - 19ms/step

Epoch 29: LearningRateScheduler setting learning rate to 0.0008523522197906714.
Epoch 29/1000
140/140 - 3s - loss: 10.4629 - MAE: 10.9506 - root_mean_squared_error: 15.7920 - val_loss: 13.4128 - val_MAE: 13.9022 - val_root_mean_squared_error: 19.7900 - lr: 8.5235e-04 - 3s/epoch - 19ms/step

Epoch 30: LearningRateScheduler setting learning rate to 0.0008462385635787713.
Epoch 30/1000
140/140 - 3s - loss: 10.4095 - MAE: 10.8969 - root_mean_squared_error: 15.6552 - val_loss: 16.0050 - val_MAE: 16.4955 - val_root_mean_squared_error: 23.3212 - lr: 8.4624e-04 - 3s/epoch - 19ms/step

Epoch 31: LearningRateScheduler setting learning rate to 0.0008401344739278448.
Epoch 31/1000
140/140 - 3s - loss: 10.3353 - MAE: 10.8228 - root_mean_squared_error: 15.6305 - val_loss: 14.3538 - val_MAE: 14.8433 - val_root_mean_squared_error: 21.1072 - lr: 8.4013e-04 - 3s/epoch - 19ms/step

Epoch 32: LearningRateScheduler setting learning rate to 0.000834042807569787.
Epoch 32/1000
140/140 - 3s - loss: 10.1450 - MAE: 10.6319 - root_mean_squared_error: 15.3855 - val_loss: 16.6173 - val_MAE: 17.1091 - val_root_mean_squared_error: 23.5130 - lr: 8.3404e-04 - 3s/epoch - 19ms/step

Epoch 33: LearningRateScheduler setting learning rate to 0.000827966212623958.
Epoch 33/1000
140/140 - 3s - loss: 10.1332 - MAE: 10.6195 - root_mean_squared_error: 15.3211 - val_loss: 11.6373 - val_MAE: 12.1258 - val_root_mean_squared_error: 17.0229 - lr: 8.2797e-04 - 3s/epoch - 19ms/step

Epoch 34: LearningRateScheduler setting learning rate to 0.0008219071434500745.
Epoch 34/1000
140/140 - 3s - loss: 10.0724 - MAE: 10.5589 - root_mean_squared_error: 15.2359 - val_loss: 15.4678 - val_MAE: 15.9578 - val_root_mean_squared_error: 23.1863 - lr: 8.2191e-04 - 3s/epoch - 19ms/step

Epoch 35: LearningRateScheduler setting learning rate to 0.0008158678741566049.
Epoch 35/1000
WARNING:absl:Found untraced functions such as _jit_compiled_convolution_op, _jit_compiled_convolution_op, _jit_compiled_convolution_op, _jit_compiled_convolution_op, _jit_compiled_convolution_op while saving (showing 5 of 5). These functions will not be directly callable after loading.
140/140 - 7s - loss: 10.0171 - MAE: 10.5032 - root_mean_squared_error: 15.1017 - val_loss: 11.3881 - val_MAE: 11.8761 - val_root_mean_squared_error: 17.0488 - lr: 8.1587e-04 - 7s/epoch - 53ms/step

Epoch 36: LearningRateScheduler setting learning rate to 0.0008098505109294638.
Epoch 36/1000
140/140 - 3s - loss: 9.8623 - MAE: 10.3484 - root_mean_squared_error: 15.0074 - val_loss: 13.2030 - val_MAE: 13.6916 - val_root_mean_squared_error: 19.9912 - lr: 8.0985e-04 - 3s/epoch - 20ms/step

Epoch 37: LearningRateScheduler setting learning rate to 0.0008038570033200747.
Epoch 37/1000
140/140 - 3s - loss: 9.7578 - MAE: 10.2441 - root_mean_squared_error: 14.7976 - val_loss: 16.3093 - val_MAE: 16.8000 - val_root_mean_squared_error: 23.8586 - lr: 8.0386e-04 - 3s/epoch - 19ms/step

Epoch 38: LearningRateScheduler setting learning rate to 0.0007978891546108693.
Epoch 38/1000
140/140 - 3s - loss: 9.7498 - MAE: 10.2364 - root_mean_squared_error: 14.7699 - val_loss: 11.8431 - val_MAE: 12.3312 - val_root_mean_squared_error: 17.9800 - lr: 7.9789e-04 - 3s/epoch - 19ms/step

Epoch 39: LearningRateScheduler setting learning rate to 0.0007919486313590454.
Epoch 39/1000
WARNING:absl:Found untraced functions such as _jit_compiled_convolution_op, _jit_compiled_convolution_op, _jit_compiled_convolution_op, _jit_compiled_convolution_op, _jit_compiled_convolution_op while saving (showing 5 of 5). These functions will not be directly callable after loading.
140/140 - 7s - loss: 9.7406 - MAE: 10.2266 - root_mean_squared_error: 14.7413 - val_loss: 11.1825 - val_MAE: 11.6703 - val_root_mean_squared_error: 16.9152 - lr: 7.9195e-04 - 7s/epoch - 52ms/step

Epoch 40: LearningRateScheduler setting learning rate to 0.000786036972205168.
Epoch 40/1000
140/140 - 3s - loss: 9.5529 - MAE: 10.0387 - root_mean_squared_error: 14.5610 - val_loss: 14.1030 - val_MAE: 14.5921 - val_root_mean_squared_error: 21.0595 - lr: 7.8604e-04 - 3s/epoch - 20ms/step

Epoch 41: LearningRateScheduler setting learning rate to 0.0007801555960213485.
Epoch 41/1000
140/140 - 3s - loss: 9.4623 - MAE: 9.9483 - root_mean_squared_error: 14.4564 - val_loss: 11.2597 - val_MAE: 11.7469 - val_root_mean_squared_error: 17.1870 - lr: 7.8016e-04 - 3s/epoch - 19ms/step

Epoch 42: LearningRateScheduler setting learning rate to 0.0007743058094638626.
Epoch 42/1000
140/140 - 3s - loss: 9.3478 - MAE: 9.8332 - root_mean_squared_error: 14.2183 - val_loss: 14.2357 - val_MAE: 14.7254 - val_root_mean_squared_error: 20.9414 - lr: 7.7431e-04 - 3s/epoch - 19ms/step

Epoch 43: LearningRateScheduler setting learning rate to 0.0007684888139867389.
Epoch 43/1000
WARNING:absl:Found untraced functions such as _jit_compiled_convolution_op, _jit_compiled_convolution_op, _jit_compiled_convolution_op, _jit_compiled_convolution_op, _jit_compiled_convolution_op while saving (showing 5 of 5). These functions will not be directly callable after loading.
140/140 - 7s - loss: 9.3616 - MAE: 9.8481 - root_mean_squared_error: 14.2493 - val_loss: 11.1125 - val_MAE: 11.6008 - val_root_mean_squared_error: 16.9218 - lr: 7.6849e-04 - 7s/epoch - 51ms/step

Epoch 44: LearningRateScheduler setting learning rate to 0.000762705712365853.
Epoch 44/1000
140/140 - 3s - loss: 9.2490 - MAE: 9.7345 - root_mean_squared_error: 14.0639 - val_loss: 11.6723 - val_MAE: 12.1592 - val_root_mean_squared_error: 17.6410 - lr: 7.6271e-04 - 3s/epoch - 20ms/step

Epoch 45: LearningRateScheduler setting learning rate to 0.0007569575147770991.
Epoch 45/1000
140/140 - 3s - loss: 9.1919 - MAE: 9.6776 - root_mean_squared_error: 14.0101 - val_loss: 12.1772 - val_MAE: 12.6667 - val_root_mean_squared_error: 18.2887 - lr: 7.5696e-04 - 3s/epoch - 19ms/step

Epoch 46: LearningRateScheduler setting learning rate to 0.0007512451444671404.
Epoch 46/1000
140/140 - 3s - loss: 9.0325 - MAE: 9.5192 - root_mean_squared_error: 13.7310 - val_loss: 16.8596 - val_MAE: 17.3496 - val_root_mean_squared_error: 24.9751 - lr: 7.5125e-04 - 3s/epoch - 20ms/step

Epoch 47: LearningRateScheduler setting learning rate to 0.0007455694430508977.
Epoch 47/1000
WARNING:absl:Found untraced functions such as _jit_compiled_convolution_op, _jit_compiled_convolution_op, _jit_compiled_convolution_op, _jit_compiled_convolution_op, _jit_compiled_convolution_op while saving (showing 5 of 5). These functions will not be directly callable after loading.
140/140 - 7s - loss: 8.9137 - MAE: 9.3987 - root_mean_squared_error: 13.6570 - val_loss: 9.7296 - val_MAE: 10.2141 - val_root_mean_squared_error: 14.7344 - lr: 7.4557e-04 - 7s/epoch - 53ms/step

Epoch 48: LearningRateScheduler setting learning rate to 0.000739931175466195.
Epoch 48/1000
140/140 - 3s - loss: 9.0164 - MAE: 9.5017 - root_mean_squared_error: 13.7090 - val_loss: 10.5278 - val_MAE: 11.0151 - val_root_mean_squared_error: 15.7648 - lr: 7.3993e-04 - 3s/epoch - 20ms/step

Epoch 49: LearningRateScheduler setting learning rate to 0.000734331034612756.
Epoch 49/1000
140/140 - 3s - loss: 8.7520 - MAE: 9.2376 - root_mean_squared_error: 13.3584 - val_loss: 10.5054 - val_MAE: 10.9936 - val_root_mean_squared_error: 15.8571 - lr: 7.3433e-04 - 3s/epoch - 19ms/step

Epoch 50: LearningRateScheduler setting learning rate to 0.0007287696456999478.
Epoch 50/1000
140/140 - 3s - loss: 8.7531 - MAE: 9.2381 - root_mean_squared_error: 13.3120 - val_loss: 15.3491 - val_MAE: 15.8384 - val_root_mean_squared_error: 22.7523 - lr: 7.2877e-04 - 3s/epoch - 20ms/step

Epoch 51: LearningRateScheduler setting learning rate to 0.000723247570325225.
Epoch 51/1000
140/140 - 3s - loss: 8.7129 - MAE: 9.1976 - root_mean_squared_error: 13.2105 - val_loss: 16.0995 - val_MAE: 16.5894 - val_root_mean_squared_error: 23.1114 - lr: 7.2325e-04 - 3s/epoch - 19ms/step

Epoch 52: LearningRateScheduler setting learning rate to 0.0007177653103031024.
Epoch 52/1000
140/140 - 3s - loss: 8.4853 - MAE: 8.9697 - root_mean_squared_error: 12.9800 - val_loss: 12.0727 - val_MAE: 12.5608 - val_root_mean_squared_error: 17.9192 - lr: 7.1777e-04 - 3s/epoch - 19ms/step

Epoch 53: LearningRateScheduler setting learning rate to 0.0007123233112626172.
Epoch 53/1000
140/140 - 3s - loss: 8.3903 - MAE: 8.8735 - root_mean_squared_error: 12.8964 - val_loss: 10.9586 - val_MAE: 11.4461 - val_root_mean_squared_error: 16.6399 - lr: 7.1232e-04 - 3s/epoch - 20ms/step

Epoch 54: LearningRateScheduler setting learning rate to 0.0007069219660295846.
Epoch 54/1000
140/140 - 3s - loss: 8.3568 - MAE: 8.8415 - root_mean_squared_error: 12.7799 - val_loss: 11.8539 - val_MAE: 12.3412 - val_root_mean_squared_error: 18.0499 - lr: 7.0692e-04 - 3s/epoch - 20ms/step

Epoch 55: LearningRateScheduler setting learning rate to 0.0007015616178085106.
Epoch 55/1000
140/140 - 3s - loss: 8.2512 - MAE: 8.7355 - root_mean_squared_error: 12.6844 - val_loss: 10.8051 - val_MAE: 11.2903 - val_root_mean_squared_error: 16.5375 - lr: 7.0156e-04 - 3s/epoch - 20ms/step

Epoch 56: LearningRateScheduler setting learning rate to 0.000696242563177726.
Epoch 56/1000
140/140 - 3s - loss: 8.1585 - MAE: 8.6422 - root_mean_squared_error: 12.4495 - val_loss: 12.9276 - val_MAE: 13.4149 - val_root_mean_squared_error: 19.7690 - lr: 6.9624e-04 - 3s/epoch - 20ms/step

Epoch 57: LearningRateScheduler setting learning rate to 0.00069096505491016.
Epoch 57/1000
140/140 - 3s - loss: 8.0990 - MAE: 8.5827 - root_mean_squared_error: 12.3898 - val_loss: 9.9882 - val_MAE: 10.4745 - val_root_mean_squared_error: 15.2082 - lr: 6.9097e-04 - 3s/epoch - 20ms/step

Epoch 58: LearningRateScheduler setting learning rate to 0.0006857293046311517.
Epoch 58/1000
140/140 - 3s - loss: 8.0267 - MAE: 8.5098 - root_mean_squared_error: 12.3777 - val_loss: 11.4137 - val_MAE: 11.9023 - val_root_mean_squared_error: 16.6927 - lr: 6.8573e-04 - 3s/epoch - 20ms/step

Epoch 59: LearningRateScheduler setting learning rate to 0.0006805354853237785.
Epoch 59/1000
WARNING:absl:Found untraced functions such as _jit_compiled_convolution_op, _jit_compiled_convolution_op, _jit_compiled_convolution_op, _jit_compiled_convolution_op, _jit_compiled_convolution_op while saving (showing 5 of 5). These functions will not be directly callable after loading.
140/140 - 8s - loss: 7.9544 - MAE: 8.4382 - root_mean_squared_error: 12.1956 - val_loss: 9.6551 - val_MAE: 10.1414 - val_root_mean_squared_error: 14.5270 - lr: 6.8054e-04 - 8s/epoch - 55ms/step

Epoch 60: LearningRateScheduler setting learning rate to 0.0006753837336913544.
Epoch 60/1000
140/140 - 3s - loss: 7.9092 - MAE: 8.3931 - root_mean_squared_error: 12.0979 - val_loss: 10.0629 - val_MAE: 10.5490 - val_root_mean_squared_error: 15.0658 - lr: 6.7538e-04 - 3s/epoch - 20ms/step

Epoch 61: LearningRateScheduler setting learning rate to 0.0006702741523860155.
Epoch 61/1000
140/140 - 3s - loss: 7.7659 - MAE: 8.2481 - root_mean_squared_error: 11.9877 - val_loss: 10.8589 - val_MAE: 11.3468 - val_root_mean_squared_error: 16.3496 - lr: 6.7027e-04 - 3s/epoch - 20ms/step

Epoch 62: LearningRateScheduler setting learning rate to 0.000665206812111639.
Epoch 62/1000
140/140 - 3s - loss: 7.7426 - MAE: 8.2254 - root_mean_squared_error: 11.8784 - val_loss: 10.2724 - val_MAE: 10.7586 - val_root_mean_squared_error: 15.2986 - lr: 6.6521e-04 - 3s/epoch - 21ms/step

Epoch 63: LearningRateScheduler setting learning rate to 0.0006601817536087315.
Epoch 63/1000
140/140 - 3s - loss: 7.7069 - MAE: 8.1897 - root_mean_squared_error: 11.8169 - val_loss: 11.6696 - val_MAE: 12.1561 - val_root_mean_squared_error: 17.8149 - lr: 6.6018e-04 - 3s/epoch - 19ms/step

Epoch 64: LearningRateScheduler setting learning rate to 0.0006551989895283807.
Epoch 64/1000
140/140 - 3s - loss: 7.6620 - MAE: 8.1449 - root_mean_squared_error: 11.7810 - val_loss: 11.1326 - val_MAE: 11.6198 - val_root_mean_squared_error: 16.6907 - lr: 6.5520e-04 - 3s/epoch - 19ms/step

Epoch 65: LearningRateScheduler setting learning rate to 0.0006502585062018565.
Epoch 65/1000
WARNING:absl:Found untraced functions such as _jit_compiled_convolution_op, _jit_compiled_convolution_op, _jit_compiled_convolution_op, _jit_compiled_convolution_op, _jit_compiled_convolution_op while saving (showing 5 of 5). These functions will not be directly callable after loading.
140/140 - 8s - loss: 7.4575 - MAE: 7.9401 - root_mean_squared_error: 11.5120 - val_loss: 9.6066 - val_MAE: 10.0931 - val_root_mean_squared_error: 14.2376 - lr: 6.5026e-04 - 8s/epoch - 55ms/step

Epoch 66: LearningRateScheduler setting learning rate to 0.0006453602653119955.
Epoch 66/1000
140/140 - 3s - loss: 7.4857 - MAE: 7.9678 - root_mean_squared_error: 11.5619 - val_loss: 9.9948 - val_MAE: 10.4813 - val_root_mean_squared_error: 14.9748 - lr: 6.4536e-04 - 3s/epoch - 20ms/step

Epoch 67: LearningRateScheduler setting learning rate to 0.000640504205472084.
Epoch 67/1000
140/140 - 3s - loss: 7.3020 - MAE: 7.7831 - root_mean_squared_error: 11.2873 - val_loss: 10.3685 - val_MAE: 10.8539 - val_root_mean_squared_error: 15.6423 - lr: 6.4050e-04 - 3s/epoch - 19ms/step

Epoch 68: LearningRateScheduler setting learning rate to 0.0006356902437175744.
Epoch 68/1000
140/140 - 3s - loss: 7.2930 - MAE: 7.7743 - root_mean_squared_error: 11.2912 - val_loss: 10.3882 - val_MAE: 10.8751 - val_root_mean_squared_error: 15.6462 - lr: 6.3569e-04 - 3s/epoch - 19ms/step

Epoch 69: LearningRateScheduler setting learning rate to 0.0006309182769156146.
Epoch 69/1000
140/140 - 3s - loss: 7.2607 - MAE: 7.7419 - root_mean_squared_error: 11.2379 - val_loss: 9.9715 - val_MAE: 10.4579 - val_root_mean_squared_error: 14.7343 - lr: 6.3092e-04 - 3s/epoch - 19ms/step

Epoch 70: LearningRateScheduler setting learning rate to 0.0006261881830970527.
Epoch 70/1000
WARNING:absl:Found untraced functions such as _jit_compiled_convolution_op, _jit_compiled_convolution_op, _jit_compiled_convolution_op, _jit_compiled_convolution_op, _jit_compiled_convolution_op while saving (showing 5 of 5). These functions will not be directly callable after loading.
140/140 - 7s - loss: 7.1689 - MAE: 7.6510 - root_mean_squared_error: 11.0512 - val_loss: 9.0586 - val_MAE: 9.5434 - val_root_mean_squared_error: 13.7145 - lr: 6.2619e-04 - 7s/epoch - 52ms/step

Epoch 71: LearningRateScheduler setting learning rate to 0.000621499822715279.
Epoch 71/1000
140/140 - 3s - loss: 7.1503 - MAE: 7.6325 - root_mean_squared_error: 11.0141 - val_loss: 10.9639 - val_MAE: 11.4503 - val_root_mean_squared_error: 16.2617 - lr: 6.2150e-04 - 3s/epoch - 20ms/step

Epoch 72: LearningRateScheduler setting learning rate to 0.0006168530398359932.
Epoch 72/1000
140/140 - 3s - loss: 6.9956 - MAE: 7.4758 - root_mean_squared_error: 10.8162 - val_loss: 9.6704 - val_MAE: 10.1556 - val_root_mean_squared_error: 14.7630 - lr: 6.1685e-04 - 3s/epoch - 19ms/step

Epoch 73: LearningRateScheduler setting learning rate to 0.0006122476632617302.
Epoch 73/1000
140/140 - 3s - loss: 6.9286 - MAE: 7.4099 - root_mean_squared_error: 10.6920 - val_loss: 12.5935 - val_MAE: 13.0823 - val_root_mean_squared_error: 19.2550 - lr: 6.1225e-04 - 3s/epoch - 19ms/step

Epoch 74: LearningRateScheduler setting learning rate to 0.0006076835075947464.
Epoch 74/1000
140/140 - 3s - loss: 6.9182 - MAE: 7.3992 - root_mean_squared_error: 10.7014 - val_loss: 10.3777 - val_MAE: 10.8632 - val_root_mean_squared_error: 15.7093 - lr: 6.0768e-04 - 3s/epoch - 19ms/step

Epoch 75: LearningRateScheduler setting learning rate to 0.0006031603742416457.
Epoch 75/1000
140/140 - 3s - loss: 6.9780 - MAE: 7.4600 - root_mean_squared_error: 10.7139 - val_loss: 10.1500 - val_MAE: 10.6363 - val_root_mean_squared_error: 15.0124 - lr: 6.0316e-04 - 3s/epoch - 20ms/step

Epoch 76: LearningRateScheduler setting learning rate to 0.0005986780523629243.
Epoch 76/1000
140/140 - 3s - loss: 6.8507 - MAE: 7.3318 - root_mean_squared_error: 10.6020 - val_loss: 13.4045 - val_MAE: 13.8931 - val_root_mean_squared_error: 19.6655 - lr: 5.9868e-04 - 3s/epoch - 20ms/step

Epoch 77: LearningRateScheduler setting learning rate to 0.0005942363197704277.
Epoch 77/1000
140/140 - 3s - loss: 6.8166 - MAE: 7.2978 - root_mean_squared_error: 10.5882 - val_loss: 9.1918 - val_MAE: 9.6775 - val_root_mean_squared_error: 13.6148 - lr: 5.9424e-04 - 3s/epoch - 19ms/step

Epoch 78: LearningRateScheduler setting learning rate to 0.0005898349437755316.
Epoch 78/1000
140/140 - 3s - loss: 6.7554 - MAE: 7.2357 - root_mean_squared_error: 10.4544 - val_loss: 10.6970 - val_MAE: 11.1848 - val_root_mean_squared_error: 15.8772 - lr: 5.8983e-04 - 3s/epoch - 19ms/step

Epoch 79: LearningRateScheduler setting learning rate to 0.0005854736819907025.
Epoch 79/1000
140/140 - 3s - loss: 6.6993 - MAE: 7.1798 - root_mean_squared_error: 10.3889 - val_loss: 10.4023 - val_MAE: 10.8899 - val_root_mean_squared_error: 15.6026 - lr: 5.8547e-04 - 3s/epoch - 19ms/step

Epoch 80: LearningRateScheduler setting learning rate to 0.0005811522830869338.
Epoch 80/1000
WARNING:absl:Found untraced functions such as _jit_compiled_convolution_op, _jit_compiled_convolution_op, _jit_compiled_convolution_op, _jit_compiled_convolution_op, _jit_compiled_convolution_op while saving (showing 5 of 5). These functions will not be directly callable after loading.
140/140 - 7s - loss: 6.5389 - MAE: 7.0201 - root_mean_squared_error: 10.1578 - val_loss: 9.0191 - val_MAE: 9.5039 - val_root_mean_squared_error: 13.3752 - lr: 5.8115e-04 - 7s/epoch - 52ms/step

Epoch 81: LearningRateScheduler setting learning rate to 0.0005768704875094186.
Epoch 81/1000
140/140 - 3s - loss: 6.6003 - MAE: 7.0805 - root_mean_squared_error: 10.2128 - val_loss: 11.0490 - val_MAE: 11.5361 - val_root_mean_squared_error: 16.3328 - lr: 5.7687e-04 - 3s/epoch - 19ms/step

Epoch 82: LearningRateScheduler setting learning rate to 0.0005726280281536789.
Epoch 82/1000
140/140 - 3s - loss: 6.6448 - MAE: 7.1258 - root_mean_squared_error: 10.2412 - val_loss: 9.1590 - val_MAE: 9.6438 - val_root_mean_squared_error: 13.9128 - lr: 5.7263e-04 - 3s/epoch - 19ms/step

Epoch 83: LearningRateScheduler setting learning rate to 0.0005684246310042526.
Epoch 83/1000
140/140 - 3s - loss: 6.3549 - MAE: 6.8344 - root_mean_squared_error: 9.8877 - val_loss: 9.8810 - val_MAE: 10.3656 - val_root_mean_squared_error: 14.8013 - lr: 5.6842e-04 - 3s/epoch - 19ms/step

Epoch 84: LearningRateScheduler setting learning rate to 0.0005642600157379201.
Epoch 84/1000
140/140 - 3s - loss: 6.4129 - MAE: 6.8940 - root_mean_squared_error: 9.9537 - val_loss: 11.6452 - val_MAE: 12.1326 - val_root_mean_squared_error: 17.6665 - lr: 5.6426e-04 - 3s/epoch - 19ms/step

Epoch 85: LearningRateScheduler setting learning rate to 0.0005601338962933402.
Epoch 85/1000
140/140 - 3s - loss: 6.3379 - MAE: 6.8169 - root_mean_squared_error: 9.9045 - val_loss: 10.0991 - val_MAE: 10.5839 - val_root_mean_squared_error: 15.3495 - lr: 5.6013e-04 - 3s/epoch - 19ms/step

Epoch 86: LearningRateScheduler setting learning rate to 0.0005560459814088686.
Epoch 86/1000
WARNING:absl:Found untraced functions such as _jit_compiled_convolution_op, _jit_compiled_convolution_op, _jit_compiled_convolution_op, _jit_compiled_convolution_op, _jit_compiled_convolution_op while saving (showing 5 of 5). These functions will not be directly callable after loading.
140/140 - 7s - loss: 6.3264 - MAE: 6.8060 - root_mean_squared_error: 9.8569 - val_loss: 8.7271 - val_MAE: 9.2117 - val_root_mean_squared_error: 13.2589 - lr: 5.5605e-04 - 7s/epoch - 52ms/step

Epoch 87: LearningRateScheduler setting learning rate to 0.0005519959751302285.
Epoch 87/1000
WARNING:absl:Found untraced functions such as _jit_compiled_convolution_op, _jit_compiled_convolution_op, _jit_compiled_convolution_op, _jit_compiled_convolution_op, _jit_compiled_convolution_op while saving (showing 5 of 5). These functions will not be directly callable after loading.
140/140 - 7s - loss: 6.2356 - MAE: 6.7141 - root_mean_squared_error: 9.7106 - val_loss: 8.2436 - val_MAE: 8.7294 - val_root_mean_squared_error: 12.5638 - lr: 5.5200e-04 - 7s/epoch - 52ms/step

Epoch 88: LearningRateScheduler setting learning rate to 0.0005479835772896164.
Epoch 88/1000
140/140 - 3s - loss: 6.1158 - MAE: 6.5952 - root_mean_squared_error: 9.5802 - val_loss: 9.6838 - val_MAE: 10.1681 - val_root_mean_squared_error: 14.4443 - lr: 5.4798e-04 - 3s/epoch - 19ms/step

Epoch 89: LearningRateScheduler setting learning rate to 0.0005440084839577386.
Epoch 89/1000
140/140 - 3s - loss: 6.1885 - MAE: 6.6675 - root_mean_squared_error: 9.6574 - val_loss: 10.3789 - val_MAE: 10.8674 - val_root_mean_squared_error: 15.2898 - lr: 5.4401e-04 - 3s/epoch - 19ms/step

Epoch 90: LearningRateScheduler setting learning rate to 0.0005400703878701944.
Epoch 90/1000
140/140 - 3s - loss: 6.0941 - MAE: 6.5726 - root_mean_squared_error: 9.5568 - val_loss: 8.9721 - val_MAE: 9.4578 - val_root_mean_squared_error: 13.3646 - lr: 5.4007e-04 - 3s/epoch - 19ms/step

Epoch 91: LearningRateScheduler setting learning rate to 0.0005361689788295476.
Epoch 91/1000
140/140 - 3s - loss: 6.1475 - MAE: 6.6266 - root_mean_squared_error: 9.5594 - val_loss: 11.4334 - val_MAE: 11.9206 - val_root_mean_squared_error: 17.3563 - lr: 5.3617e-04 - 3s/epoch - 19ms/step

Epoch 92: LearningRateScheduler setting learning rate to 0.0005323039440843524.
Epoch 92/1000
140/140 - 3s - loss: 6.0948 - MAE: 6.5734 - root_mean_squared_error: 9.4785 - val_loss: 10.9102 - val_MAE: 11.3967 - val_root_mean_squared_error: 16.5418 - lr: 5.3230e-04 - 3s/epoch - 19ms/step

Epoch 93: LearningRateScheduler setting learning rate to 0.0005284749686863357.
Epoch 93/1000
140/140 - 3s - loss: 5.9735 - MAE: 6.4520 - root_mean_squared_error: 9.3153 - val_loss: 9.1288 - val_MAE: 9.6137 - val_root_mean_squared_error: 13.9280 - lr: 5.2847e-04 - 3s/epoch - 19ms/step

Epoch 94: LearningRateScheduler setting learning rate to 0.0005246817358268764.
Epoch 94/1000
140/140 - 3s - loss: 5.9170 - MAE: 6.3955 - root_mean_squared_error: 9.2598 - val_loss: 8.5777 - val_MAE: 9.0624 - val_root_mean_squared_error: 13.0523 - lr: 5.2468e-04 - 3s/epoch - 19ms/step

Epoch 95: LearningRateScheduler setting learning rate to 0.0005209239271538555.
Epoch 95/1000
140/140 - 3s - loss: 5.8897 - MAE: 6.3672 - root_mean_squared_error: 9.1638 - val_loss: 9.1843 - val_MAE: 9.6688 - val_root_mean_squared_error: 14.2355 - lr: 5.2092e-04 - 3s/epoch - 19ms/step

Epoch 96: LearningRateScheduler setting learning rate to 0.0005172012230699016.
Epoch 96/1000
140/140 - 3s - loss: 5.8481 - MAE: 6.3266 - root_mean_squared_error: 9.1691 - val_loss: 8.5524 - val_MAE: 9.0370 - val_root_mean_squared_error: 13.0342 - lr: 5.1720e-04 - 3s/epoch - 19ms/step

Epoch 97: LearningRateScheduler setting learning rate to 0.0005135133030129995.
Epoch 97/1000
WARNING:absl:Found untraced functions such as _jit_compiled_convolution_op, _jit_compiled_convolution_op, _jit_compiled_convolution_op, _jit_compiled_convolution_op, _jit_compiled_convolution_op while saving (showing 5 of 5). These functions will not be directly callable after loading.
140/140 - 7s - loss: 5.8285 - MAE: 6.3062 - root_mean_squared_error: 9.1628 - val_loss: 8.0927 - val_MAE: 8.5774 - val_root_mean_squared_error: 12.3999 - lr: 5.1351e-04 - 7s/epoch - 52ms/step

Epoch 98: LearningRateScheduler setting learning rate to 0.000509859845720377.
Epoch 98/1000
140/140 - 3s - loss: 5.8244 - MAE: 6.3030 - root_mean_squared_error: 9.0797 - val_loss: 8.7302 - val_MAE: 9.2146 - val_root_mean_squared_error: 13.2680 - lr: 5.0986e-04 - 3s/epoch - 19ms/step

Epoch 99: LearningRateScheduler setting learning rate to 0.0005062405294765438.
Epoch 99/1000
140/140 - 3s - loss: 5.7523 - MAE: 6.2296 - root_mean_squared_error: 9.0127 - val_loss: 8.5581 - val_MAE: 9.0431 - val_root_mean_squared_error: 13.0686 - lr: 5.0624e-04 - 3s/epoch - 19ms/step

Epoch 100: LearningRateScheduler setting learning rate to 0.0005026550323463055.
Epoch 100/1000
140/140 - 3s - loss: 5.6988 - MAE: 6.1765 - root_mean_squared_error: 8.8933 - val_loss: 8.4045 - val_MAE: 8.8884 - val_root_mean_squared_error: 12.9840 - lr: 5.0266e-04 - 3s/epoch - 19ms/step

Epoch 101: LearningRateScheduler setting learning rate to 0.0004991030323935337.
Epoch 101/1000
WARNING:absl:Found untraced functions such as _jit_compiled_convolution_op, _jit_compiled_convolution_op, _jit_compiled_convolution_op, _jit_compiled_convolution_op, _jit_compiled_convolution_op while saving (showing 5 of 5). These functions will not be directly callable after loading.
140/140 - 7s - loss: 5.7033 - MAE: 6.1810 - root_mean_squared_error: 8.9328 - val_loss: 8.0787 - val_MAE: 8.5637 - val_root_mean_squared_error: 12.3784 - lr: 4.9910e-04 - 7s/epoch - 52ms/step

Epoch 102: LearningRateScheduler setting learning rate to 0.0004955842078864366.
Epoch 102/1000
140/140 - 3s - loss: 5.6363 - MAE: 6.1138 - root_mean_squared_error: 8.8187 - val_loss: 8.3462 - val_MAE: 8.8309 - val_root_mean_squared_error: 12.7545 - lr: 4.9558e-04 - 3s/epoch - 19ms/step

Epoch 103: LearningRateScheduler setting learning rate to 0.000492098237490033.
Epoch 103/1000
140/140 - 3s - loss: 5.5890 - MAE: 6.0659 - root_mean_squared_error: 8.7560 - val_loss: 8.4932 - val_MAE: 8.9766 - val_root_mean_squared_error: 12.9300 - lr: 4.9210e-04 - 3s/epoch - 19ms/step

Epoch 104: LearningRateScheduler setting learning rate to 0.0004886448004464966.
Epoch 104/1000
140/140 - 3s - loss: 5.5834 - MAE: 6.0607 - root_mean_squared_error: 8.7918 - val_loss: 8.2327 - val_MAE: 8.7174 - val_root_mean_squared_error: 12.4523 - lr: 4.8864e-04 - 3s/epoch - 19ms/step

Epoch 105: LearningRateScheduler setting learning rate to 0.00048522357674400624.
Epoch 105/1000
WARNING:absl:Found untraced functions such as _jit_compiled_convolution_op, _jit_compiled_convolution_op, _jit_compiled_convolution_op, _jit_compiled_convolution_op, _jit_compiled_convolution_op while saving (showing 5 of 5). These functions will not be directly callable after loading.
140/140 - 7s - loss: 5.5439 - MAE: 6.0194 - root_mean_squared_error: 8.7024 - val_loss: 7.9412 - val_MAE: 8.4236 - val_root_mean_squared_error: 12.0857 - lr: 4.8522e-04 - 7s/epoch - 52ms/step

Epoch 106: LearningRateScheduler setting learning rate to 0.0004818342472746999.
Epoch 106/1000
140/140 - 3s - loss: 5.4970 - MAE: 5.9737 - root_mean_squared_error: 8.5936 - val_loss: 8.9609 - val_MAE: 9.4452 - val_root_mean_squared_error: 13.5529 - lr: 4.8183e-04 - 3s/epoch - 19ms/step

Epoch 107: LearningRateScheduler setting learning rate to 0.00047847649398230756.
Epoch 107/1000
140/140 - 3s - loss: 5.4944 - MAE: 5.9717 - root_mean_squared_error: 8.6564 - val_loss: 10.1911 - val_MAE: 10.6763 - val_root_mean_squared_error: 15.7277 - lr: 4.7848e-04 - 3s/epoch - 19ms/step

Epoch 108: LearningRateScheduler setting learning rate to 0.00047515000000000003.
Epoch 108/1000
140/140 - 3s - loss: 5.4519 - MAE: 5.9273 - root_mean_squared_error: 8.5773 - val_loss: 8.0805 - val_MAE: 8.5643 - val_root_mean_squared_error: 12.2795 - lr: 4.7515e-04 - 3s/epoch - 19ms/step

Epoch 109: LearningRateScheduler setting learning rate to 0.00047185444977896934.
Epoch 109/1000
140/140 - 3s - loss: 5.4153 - MAE: 5.8915 - root_mean_squared_error: 8.4795 - val_loss: 8.6460 - val_MAE: 9.1309 - val_root_mean_squared_error: 13.0109 - lr: 4.7185e-04 - 3s/epoch - 19ms/step

Epoch 110: LearningRateScheduler setting learning rate to 0.00046858952920823.
Epoch 110/1000
140/140 - 3s - loss: 5.3042 - MAE: 5.7803 - root_mean_squared_error: 8.3093 - val_loss: 8.0368 - val_MAE: 8.5204 - val_root_mean_squared_error: 12.3403 - lr: 4.6859e-04 - 3s/epoch - 19ms/step

Epoch 111: LearningRateScheduler setting learning rate to 0.00046535492572610164.
Epoch 111/1000
140/140 - 3s - loss: 5.3761 - MAE: 5.8520 - root_mean_squared_error: 8.4273 - val_loss: 8.0882 - val_MAE: 8.5712 - val_root_mean_squared_error: 12.6309 - lr: 4.6535e-04 - 3s/epoch - 19ms/step

Epoch 112: LearningRateScheduler setting learning rate to 0.00046215032842381406.
Epoch 112/1000
140/140 - 3s - loss: 5.2517 - MAE: 5.7284 - root_mean_squared_error: 8.2145 - val_loss: 8.2707 - val_MAE: 8.7551 - val_root_mean_squared_error: 12.4933 - lr: 4.6215e-04 - 3s/epoch - 19ms/step

Epoch 113: LearningRateScheduler setting learning rate to 0.00045897542814165134.
Epoch 113/1000
140/140 - 3s - loss: 5.2833 - MAE: 5.7591 - root_mean_squared_error: 8.3251 - val_loss: 8.2686 - val_MAE: 8.7520 - val_root_mean_squared_error: 12.7256 - lr: 4.5898e-04 - 3s/epoch - 19ms/step

Epoch 114: LearningRateScheduler setting learning rate to 0.0004558299175580325.
Epoch 114/1000
140/140 - 3s - loss: 5.2105 - MAE: 5.6868 - root_mean_squared_error: 8.1917 - val_loss: 8.8066 - val_MAE: 9.2895 - val_root_mean_squared_error: 13.1871 - lr: 4.5583e-04 - 3s/epoch - 19ms/step

Epoch 115: LearningRateScheduler setting learning rate to 0.0004527134912719043.
Epoch 115/1000
140/140 - 3s - loss: 5.1733 - MAE: 5.6497 - root_mean_squared_error: 8.1965 - val_loss: 8.5465 - val_MAE: 9.0306 - val_root_mean_squared_error: 13.1279 - lr: 4.5271e-04 - 3s/epoch - 19ms/step

Epoch 116: LearningRateScheduler setting learning rate to 0.00044962584587880075.
Epoch 116/1000
WARNING:absl:Found untraced functions such as _jit_compiled_convolution_op, _jit_compiled_convolution_op, _jit_compiled_convolution_op, _jit_compiled_convolution_op, _jit_compiled_convolution_op while saving (showing 5 of 5). These functions will not be directly callable after loading.
140/140 - 7s - loss: 5.1738 - MAE: 5.6505 - root_mean_squared_error: 8.1143 - val_loss: 7.8668 - val_MAE: 8.3513 - val_root_mean_squared_error: 12.1137 - lr: 4.4963e-04 - 7s/epoch - 52ms/step

Epoch 117: LearningRateScheduler setting learning rate to 0.00044656668004091477.
Epoch 117/1000
140/140 - 3s - loss: 5.1647 - MAE: 5.6409 - root_mean_squared_error: 8.1216 - val_loss: 8.0444 - val_MAE: 8.5288 - val_root_mean_squared_error: 12.2999 - lr: 4.4657e-04 - 3s/epoch - 19ms/step

Epoch 118: LearningRateScheduler setting learning rate to 0.00044353569455149645.
Epoch 118/1000
WARNING:absl:Found untraced functions such as _jit_compiled_convolution_op, _jit_compiled_convolution_op, _jit_compiled_convolution_op, _jit_compiled_convolution_op, _jit_compiled_convolution_op while saving (showing 5 of 5). These functions will not be directly callable after loading.
140/140 - 7s - loss: 5.1476 - MAE: 5.6229 - root_mean_squared_error: 8.1228 - val_loss: 7.8559 - val_MAE: 8.3398 - val_root_mean_squared_error: 12.0909 - lr: 4.4354e-04 - 7s/epoch - 52ms/step

Epoch 119: LearningRateScheduler setting learning rate to 0.00044053259239389125.
Epoch 119/1000
140/140 - 3s - loss: 5.0798 - MAE: 5.5553 - root_mean_squared_error: 7.9924 - val_loss: 8.3901 - val_MAE: 8.8741 - val_root_mean_squared_error: 13.0124 - lr: 4.4053e-04 - 3s/epoch - 19ms/step

Epoch 120: LearningRateScheduler setting learning rate to 0.0004375570787955022.
Epoch 120/1000
140/140 - 3s - loss: 5.1065 - MAE: 5.5826 - root_mean_squared_error: 8.0549 - val_loss: 8.8523 - val_MAE: 9.3359 - val_root_mean_squared_error: 13.5869 - lr: 4.3756e-04 - 3s/epoch - 19ms/step

Epoch 121: LearningRateScheduler setting learning rate to 0.0004346088612769558.
Epoch 121/1000
140/140 - 3s - loss: 5.0327 - MAE: 5.5082 - root_mean_squared_error: 7.9284 - val_loss: 8.0897 - val_MAE: 8.5753 - val_root_mean_squared_error: 12.3332 - lr: 4.3461e-04 - 3s/epoch - 19ms/step

Epoch 122: LearningRateScheduler setting learning rate to 0.00043168764969673265.
Epoch 122/1000
140/140 - 3s - loss: 4.9945 - MAE: 5.4696 - root_mean_squared_error: 7.8267 - val_loss: 8.1291 - val_MAE: 8.6115 - val_root_mean_squared_error: 12.5198 - lr: 4.3169e-04 - 3s/epoch - 19ms/step

Epoch 123: LearningRateScheduler setting learning rate to 0.0004287931562915115.
Epoch 123/1000
140/140 - 3s - loss: 4.9498 - MAE: 5.4253 - root_mean_squared_error: 7.8106 - val_loss: 8.8006 - val_MAE: 9.2857 - val_root_mean_squared_error: 13.3540 - lr: 4.2879e-04 - 3s/epoch - 19ms/step

Epoch 124: LearningRateScheduler setting learning rate to 0.00042592509571246146.
Epoch 124/1000
140/140 - 3s - loss: 4.9223 - MAE: 5.3974 - root_mean_squared_error: 7.7890 - val_loss: 9.1202 - val_MAE: 9.6044 - val_root_mean_squared_error: 13.9964 - lr: 4.2593e-04 - 3s/epoch - 19ms/step

Epoch 125: LearningRateScheduler setting learning rate to 0.0004230831850577103.
Epoch 125/1000
140/140 - 3s - loss: 4.9682 - MAE: 5.4448 - root_mean_squared_error: 7.7684 - val_loss: 8.0239 - val_MAE: 8.5068 - val_root_mean_squared_error: 12.2791 - lr: 4.2308e-04 - 3s/epoch - 19ms/step

Epoch 126: LearningRateScheduler setting learning rate to 0.000420267143901197.
Epoch 126/1000
140/140 - 3s - loss: 4.9153 - MAE: 5.3897 - root_mean_squared_error: 7.7607 - val_loss: 10.1753 - val_MAE: 10.6604 - val_root_mean_squared_error: 15.7871 - lr: 4.2027e-04 - 3s/epoch - 19ms/step

Epoch 127: LearningRateScheduler setting learning rate to 0.00041747669431811587.
Epoch 127/1000
WARNING:absl:Found untraced functions such as _jit_compiled_convolution_op, _jit_compiled_convolution_op, _jit_compiled_convolution_op, _jit_compiled_convolution_op, _jit_compiled_convolution_op while saving (showing 5 of 5). These functions will not be directly callable after loading.
140/140 - 7s - loss: 4.8658 - MAE: 5.3402 - root_mean_squared_error: 7.6661 - val_loss: 7.7816 - val_MAE: 8.2654 - val_root_mean_squared_error: 11.9577 - lr: 4.1748e-04 - 7s/epoch - 52ms/step

Epoch 128: LearningRateScheduler setting learning rate to 0.00041471156090713997.
Epoch 128/1000
140/140 - 3s - loss: 4.8186 - MAE: 5.2933 - root_mean_squared_error: 7.6077 - val_loss: 8.1578 - val_MAE: 8.6434 - val_root_mean_squared_error: 12.4861 - lr: 4.1471e-04 - 3s/epoch - 19ms/step

Epoch 129: LearningRateScheduler setting learning rate to 0.00041197147080960963.
Epoch 129/1000
140/140 - 3s - loss: 4.8173 - MAE: 5.2916 - root_mean_squared_error: 7.5826 - val_loss: 8.4775 - val_MAE: 8.9605 - val_root_mean_squared_error: 13.1033 - lr: 4.1197e-04 - 3s/epoch - 19ms/step

Epoch 130: LearningRateScheduler setting learning rate to 0.0004092561537258565.
Epoch 130/1000
WARNING:absl:Found untraced functions such as _jit_compiled_convolution_op, _jit_compiled_convolution_op, _jit_compiled_convolution_op, _jit_compiled_convolution_op, _jit_compiled_convolution_op while saving (showing 5 of 5). These functions will not be directly callable after loading.
140/140 - 7s - loss: 4.7599 - MAE: 5.2342 - root_mean_squared_error: 7.5564 - val_loss: 7.6548 - val_MAE: 8.1372 - val_root_mean_squared_error: 11.7723 - lr: 4.0926e-04 - 7s/epoch - 52ms/step

Epoch 131: LearningRateScheduler setting learning rate to 0.00040656534192883026.
Epoch 131/1000
140/140 - 3s - loss: 4.8240 - MAE: 5.2986 - root_mean_squared_error: 7.5654 - val_loss: 9.0319 - val_MAE: 9.5177 - val_root_mean_squared_error: 13.5503 - lr: 4.0657e-04 - 3s/epoch - 19ms/step

Epoch 132: LearningRateScheduler setting learning rate to 0.00040389877027518085.
Epoch 132/1000
140/140 - 3s - loss: 4.7442 - MAE: 5.2187 - root_mean_squared_error: 7.5060 - val_loss: 7.9974 - val_MAE: 8.4796 - val_root_mean_squared_error: 12.2670 - lr: 4.0390e-04 - 3s/epoch - 19ms/step

Epoch 133: LearningRateScheduler setting learning rate to 0.00040125617621394877.
Epoch 133/1000
140/140 - 3s - loss: 4.7088 - MAE: 5.1831 - root_mean_squared_error: 7.3948 - val_loss: 8.1852 - val_MAE: 8.6673 - val_root_mean_squared_error: 12.7489 - lr: 4.0126e-04 - 3s/epoch - 19ms/step

Epoch 134: LearningRateScheduler setting learning rate to 0.0003986372997929997.
Epoch 134/1000
140/140 - 3s - loss: 4.7313 - MAE: 5.2052 - root_mean_squared_error: 7.4653 - val_loss: 7.9441 - val_MAE: 8.4280 - val_root_mean_squared_error: 12.3280 - lr: 3.9864e-04 - 3s/epoch - 19ms/step

Epoch 135: LearningRateScheduler setting learning rate to 0.0003960418836633401.
Epoch 135/1000
140/140 - 3s - loss: 4.6347 - MAE: 5.1094 - root_mean_squared_error: 7.3079 - val_loss: 7.7310 - val_MAE: 8.2129 - val_root_mean_squared_error: 11.8698 - lr: 3.9604e-04 - 3s/epoch - 19ms/step

Epoch 136: LearningRateScheduler setting learning rate to 0.0003934696730814399.
Epoch 136/1000
140/140 - 3s - loss: 4.6827 - MAE: 5.1559 - root_mean_squared_error: 7.3770 - val_loss: 7.9019 - val_MAE: 8.3859 - val_root_mean_squared_error: 12.1075 - lr: 3.9347e-04 - 3s/epoch - 19ms/step

Epoch 137: LearningRateScheduler setting learning rate to 0.0003909204159096813.
Epoch 137/1000
140/140 - 3s - loss: 4.6679 - MAE: 5.1415 - root_mean_squared_error: 7.4029 - val_loss: 8.2940 - val_MAE: 8.7783 - val_root_mean_squared_error: 12.7040 - lr: 3.9092e-04 - 3s/epoch - 19ms/step

Epoch 138: LearningRateScheduler setting learning rate to 0.0003883938626150506.
Epoch 138/1000
140/140 - 3s - loss: 4.6076 - MAE: 5.0806 - root_mean_squared_error: 7.2856 - val_loss: 8.2342 - val_MAE: 8.7190 - val_root_mean_squared_error: 12.2842 - lr: 3.8839e-04 - 3s/epoch - 19ms/step

Epoch 139: LearningRateScheduler setting learning rate to 0.0003858897662661782.
Epoch 139/1000
140/140 - 3s - loss: 4.5576 - MAE: 5.0310 - root_mean_squared_error: 7.1773 - val_loss: 10.2128 - val_MAE: 10.6987 - val_root_mean_squared_error: 15.6899 - lr: 3.8589e-04 - 3s/epoch - 19ms/step

Epoch 140: LearningRateScheduler setting learning rate to 0.0003834078825288331.
Epoch 140/1000
WARNING:absl:Found untraced functions such as _jit_compiled_convolution_op, _jit_compiled_convolution_op, _jit_compiled_convolution_op, _jit_compiled_convolution_op, _jit_compiled_convolution_op while saving (showing 5 of 5). These functions will not be directly callable after loading.
140/140 - 7s - loss: 4.6004 - MAE: 5.0742 - root_mean_squared_error: 7.3234 - val_loss: 7.4724 - val_MAE: 7.9557 - val_root_mean_squared_error: 11.3917 - lr: 3.8341e-04 - 7s/epoch - 52ms/step

Epoch 141: LearningRateScheduler setting learning rate to 0.0003809479696599669.
Epoch 141/1000
140/140 - 3s - loss: 4.5391 - MAE: 5.0119 - root_mean_squared_error: 7.1714 - val_loss: 8.1385 - val_MAE: 8.6211 - val_root_mean_squared_error: 12.4834 - lr: 3.8095e-04 - 3s/epoch - 19ms/step

Epoch 142: LearningRateScheduler setting learning rate to 0.0003785097885004002.
Epoch 142/1000
WARNING:absl:Found untraced functions such as _jit_compiled_convolution_op, _jit_compiled_convolution_op, _jit_compiled_convolution_op, _jit_compiled_convolution_op, _jit_compiled_convolution_op while saving (showing 5 of 5). These functions will not be directly callable after loading.
140/140 - 7s - loss: 4.5958 - MAE: 5.0687 - root_mean_squared_error: 7.2431 - val_loss: 7.4183 - val_MAE: 7.9017 - val_root_mean_squared_error: 11.3409 - lr: 3.7851e-04 - 7s/epoch - 52ms/step

Epoch 143: LearningRateScheduler setting learning rate to 0.0003760931024662425.
Epoch 143/1000
140/140 - 3s - loss: 4.5160 - MAE: 4.9885 - root_mean_squared_error: 7.1688 - val_loss: 7.9809 - val_MAE: 8.4638 - val_root_mean_squared_error: 12.3278 - lr: 3.7609e-04 - 3s/epoch - 20ms/step

Epoch 144: LearningRateScheduler setting learning rate to 0.00037369767753912326.
Epoch 144/1000
140/140 - 3s - loss: 4.4614 - MAE: 4.9342 - root_mean_squared_error: 7.0619 - val_loss: 8.3723 - val_MAE: 8.8564 - val_root_mean_squared_error: 12.8265 - lr: 3.7370e-04 - 3s/epoch - 19ms/step

Epoch 145: LearningRateScheduler setting learning rate to 0.00037132328225531884.
Epoch 145/1000
140/140 - 3s - loss: 4.4681 - MAE: 4.9407 - root_mean_squared_error: 7.0797 - val_loss: 7.5839 - val_MAE: 8.0658 - val_root_mean_squared_error: 11.7980 - lr: 3.7132e-04 - 3s/epoch - 19ms/step

Epoch 146: LearningRateScheduler setting learning rate to 0.0003689696876938465.
Epoch 146/1000
140/140 - 3s - loss: 4.4888 - MAE: 4.9614 - root_mean_squared_error: 7.0906 - val_loss: 7.7594 - val_MAE: 8.2425 - val_root_mean_squared_error: 12.0627 - lr: 3.6897e-04 - 3s/epoch - 19ms/step

Epoch 147: LearningRateScheduler setting learning rate to 0.00036663666746359816.
Epoch 147/1000
140/140 - 3s - loss: 4.4249 - MAE: 4.8971 - root_mean_squared_error: 7.0293 - val_loss: 7.8633 - val_MAE: 8.3453 - val_root_mean_squared_error: 12.0237 - lr: 3.6664e-04 - 3s/epoch - 19ms/step

Epoch 148: LearningRateScheduler setting learning rate to 0.00036432399768958134.
Epoch 148/1000
WARNING:absl:Found untraced functions such as _jit_compiled_convolution_op, _jit_compiled_convolution_op, _jit_compiled_convolution_op, _jit_compiled_convolution_op, _jit_compiled_convolution_op while saving (showing 5 of 5). These functions will not be directly callable after loading.
140/140 - 7s - loss: 4.4368 - MAE: 4.9093 - root_mean_squared_error: 7.0701 - val_loss: 7.2887 - val_MAE: 7.7727 - val_root_mean_squared_error: 11.0879 - lr: 3.6432e-04 - 7s/epoch - 52ms/step

Epoch 149: LearningRateScheduler setting learning rate to 0.00036203145699833074.
Epoch 149/1000
140/140 - 3s - loss: 4.3304 - MAE: 4.8027 - root_mean_squared_error: 6.8847 - val_loss: 7.3663 - val_MAE: 7.8479 - val_root_mean_squared_error: 11.4255 - lr: 3.6203e-04 - 3s/epoch - 19ms/step

Epoch 150: LearningRateScheduler setting learning rate to 0.00035975882650255054.
Epoch 150/1000
140/140 - 3s - loss: 4.3226 - MAE: 4.7943 - root_mean_squared_error: 6.8707 - val_loss: 7.4879 - val_MAE: 7.9688 - val_root_mean_squared_error: 11.5865 - lr: 3.5976e-04 - 3s/epoch - 19ms/step

Epoch 151: LearningRateScheduler setting learning rate to 0.00035750588978504646.
Epoch 151/1000
