Initiating.
Initiation completed.
1000 dataset processed.
2000 dataset processed.
3000 dataset processed.
4000 dataset processed.
1770 dataset omitted due to NaNs.
5000 dataset processed.
2332 dataset omitted due to NaNs.
6000 dataset processed.
2828 dataset omitted due to NaNs.
7000 dataset processed.
8000 dataset processed.
9000 dataset processed.
10000 dataset processed.
4866 dataset omitted due to NaNs.
11000 dataset processed.
4987 dataset omitted due to NaNs.
12000 dataset processed.
5211 dataset omitted due to NaNs.
13000 dataset processed.
5438 dataset omitted due to NaNs.
14000 dataset processed.
5779 dataset omitted due to NaNs.
15000 dataset processed.
16000 dataset processed.
6214 dataset omitted due to NaNs.
17000 dataset processed.
6449 dataset omitted due to NaNs.
18000 dataset processed.
6733 dataset omitted due to NaNs.
19000 dataset processed.
6992 dataset omitted due to NaNs.
20000 dataset processed.
7268 dataset omitted due to NaNs.
21000 dataset processed.
7417 dataset omitted due to NaNs.
22000 dataset processed.
23000 dataset processed.
7935 dataset omitted due to NaNs.
24000 dataset processed.
8214 dataset omitted due to NaNs.
25000 dataset processed.
8401 dataset omitted due to NaNs.
26000 dataset processed.
27000 dataset processed.
8799 dataset omitted due to NaNs.
28000 dataset processed.
29000 dataset processed.
9313 dataset omitted due to NaNs.
Total 29011 dataset processed.
With 9316 dataset omitted due to NaNs.
